[0.025s] Invoking command in '/home/nyck33/ros2_ws/build/my_cpp_pkg': CMAKE_PREFIX_PATH=${CMAKE_PREFIX_PATH}:/home/nyck33/ros2_ws/install/my_py_pkg:/opt/ros/humble /usr/bin/cmake --build /home/nyck33/ros2_ws/build/my_cpp_pkg -- -j1 -l1
[0.140s] -- Found ament_cmake: 1.3.4 (/opt/ros/humble/share/ament_cmake/cmake)
[0.450s] -- Found rclcpp: 16.0.4 (/opt/ros/humble/share/rclcpp/cmake)
[0.512s] -- Found rosidl_generator_c: 3.1.4 (/opt/ros/humble/share/rosidl_generator_c/cmake)
[0.518s] -- Found rosidl_adapter: 3.1.4 (/opt/ros/humble/share/rosidl_adapter/cmake)
[0.546s] -- Found rosidl_generator_cpp: 3.1.4 (/opt/ros/humble/share/rosidl_generator_cpp/cmake)
[0.570s] -- Using all available rosidl_typesupport_c: rosidl_typesupport_fastrtps_c;rosidl_typesupport_introspection_c
[0.595s] -- Using all available rosidl_typesupport_cpp: rosidl_typesupport_fastrtps_cpp;rosidl_typesupport_introspection_cpp
[0.698s] -- Found rmw_implementation_cmake: 6.1.1 (/opt/ros/humble/share/rmw_implementation_cmake/cmake)
[0.704s] -- Found rmw_fastrtps_cpp: 6.2.2 (/opt/ros/humble/share/rmw_fastrtps_cpp/cmake)
[0.873s] -- Using RMW implementation 'rmw_fastrtps_cpp' as default
[1.333s] -- Found example_interfaces: 0.9.3 (/opt/ros/humble/share/example_interfaces/cmake)
[1.988s] -- Configuring done
[2.056s] -- Generating done
[2.073s] -- Build files have been written to: /home/nyck33/ros2_ws/build/my_cpp_pkg
[2.106s] [35m[1mConsolidate compiler generated dependencies of target cpp_node[0m
[2.143s] [ 50%] Built target cpp_node
[2.163s] [ 75%] [32mBuilding CXX object CMakeFiles/robot_news_station.dir/src/robot_news_station.cpp.o[0m
[6.033s] [01m[K/home/nyck33/ros2_ws/src/my_cpp_pkg/src/robot_news_station.cpp:[m[K In constructor â€˜[01m[KRobotNewsStationNode::RobotNewsStationNode()[m[Kâ€™:
[6.033s] [01m[K/home/nyck33/ros2_ws/src/my_cpp_pkg/src/robot_news_station.cpp:11:74:[m[K [01;31m[Kerror: [m[Kinvalid use of non-static member function â€˜[01m[Kvoid RobotNewsStationNode::publishNews()[m[Kâ€™
[6.033s]    11 | nd([01;31m[KRobotNewsStationNode::publishNews[m[K, this));
[6.034s]       |    [01;31m[K~~~~~~~~~~~~~~~~~~~~~~^~~~~~~~~~~[m[K
[6.034s] 
[6.034s] [01m[K/home/nyck33/ros2_ws/src/my_cpp_pkg/src/robot_news_station.cpp:16:10:[m[K [01;36m[Knote: [m[Kdeclared here
[6.035s]    16 |     void [01;36m[KpublishNews[m[K()
[6.035s]       |          [01;36m[K^~~~~~~~~~~[m[K
[7.178s] gmake[2]: *** [CMakeFiles/robot_news_station.dir/build.make:76: CMakeFiles/robot_news_station.dir/src/robot_news_station.cpp.o] Error 1
[7.180s] gmake[1]: *** [CMakeFiles/Makefile2:165: CMakeFiles/robot_news_station.dir/all] Error 2
[7.180s] gmake: *** [Makefile:146: all] Error 2
[7.180s] Invoked command in '/home/nyck33/ros2_ws/build/my_cpp_pkg' returned '2': CMAKE_PREFIX_PATH=${CMAKE_PREFIX_PATH}:/home/nyck33/ros2_ws/install/my_py_pkg:/opt/ros/humble /usr/bin/cmake --build /home/nyck33/ros2_ws/build/my_cpp_pkg -- -j1 -l1
